c:\users\user\desktop\nyu tandon\cs 3113\bronson\hw3\nyucodebase\debug\vc141.pdb
c:\users\user\desktop\nyu tandon\cs 3113\bronson\hw3\nyucodebase\debug\vc141.idb
c:\users\user\desktop\nyu tandon\cs 3113\bronson\hw3\nyucodebase\debug\main.obj
c:\users\user\desktop\nyu tandon\cs 3113\bronson\hw3\nyucodebase\debug\matrix.obj
c:\users\user\desktop\nyu tandon\cs 3113\bronson\hw3\nyucodebase\debug\shaderprogram.obj
c:\users\user\desktop\nyu tandon\cs 3113\bronson\hw4\nyucodebase\debug\vc141.pdb
c:\users\user\desktop\nyu tandon\cs 3113\bronson\hw4\nyucodebase\debug\vc141.idb
c:\users\user\desktop\nyu tandon\cs 3113\bronson\hw4\nyucodebase\debug\main.obj
c:\users\user\desktop\nyu tandon\cs 3113\bronson\hw4\nyucodebase\debug\matrix.obj
c:\users\user\desktop\nyu tandon\cs 3113\bronson\hw4\nyucodebase\debug\shaderprogram.obj
c:\users\user\desktop\nyu tandon\cs 3113\bronson\hw4\nyucodebase\debug\entity.obj
c:\users\user\desktop\nyu tandon\cs 3113\bronson\hw3\debug\nyucodebase.exe
c:\users\user\desktop\nyu tandon\cs 3113\bronson\hw3\debug\nyucodebase.ilk
c:\users\user\desktop\nyu tandon\cs 3113\bronson\hw3\debug\nyucodebase.pdb
c:\users\user\desktop\nyu tandon\cs 3113\bronson\hw4\debug\nyucodebase.pdb
c:\users\user\desktop\nyu tandon\cs 3113\bronson\hw4\nyucodebase\debug\nyucodebase.tlog\cl.command.1.tlog
c:\users\user\desktop\nyu tandon\cs 3113\bronson\hw4\nyucodebase\debug\nyucodebase.tlog\cl.read.1.tlog
c:\users\user\desktop\nyu tandon\cs 3113\bronson\hw4\nyucodebase\debug\nyucodebase.tlog\cl.write.1.tlog
c:\users\user\desktop\nyu tandon\cs 3113\bronson\hw4\nyucodebase\debug\nyucodebase.tlog\link-cvtres.read.1.tlog
c:\users\user\desktop\nyu tandon\cs 3113\bronson\hw4\nyucodebase\debug\nyucodebase.tlog\link-cvtres.write.1.tlog
c:\users\user\desktop\nyu tandon\cs 3113\bronson\hw4\nyucodebase\debug\nyucodebase.tlog\link-rc.read.1.tlog
c:\users\user\desktop\nyu tandon\cs 3113\bronson\hw4\nyucodebase\debug\nyucodebase.tlog\link-rc.write.1.tlog
c:\users\user\desktop\nyu tandon\cs 3113\bronson\hw4\nyucodebase\debug\nyucodebase.tlog\link.command.1.tlog
c:\users\user\desktop\nyu tandon\cs 3113\bronson\hw4\nyucodebase\debug\nyucodebase.tlog\link.read.1.tlog
c:\users\user\desktop\nyu tandon\cs 3113\bronson\hw4\nyucodebase\debug\nyucodebase.tlog\link.write.1.tlog
