  main.cpp
c:\users\user\desktop\nyu tandon\cs 3113\bronson\proj\nyucodebase\main.cpp(46): warning C4244: 'initializing': conversion from 'int' to 'float', possible loss of data
c:\users\user\desktop\nyu tandon\cs 3113\bronson\proj\nyucodebase\main.cpp(68): warning C4018: '<': signed/unsigned mismatch
c:\users\user\desktop\nyu tandon\cs 3113\bronson\proj\nyucodebase\main.cpp(70): warning C4244: 'initializing': conversion from 'double' to 'float', possible loss of data
c:\users\user\desktop\nyu tandon\cs 3113\bronson\proj\nyucodebase\main.cpp(71): warning C4244: 'initializing': conversion from 'double' to 'float', possible loss of data
c:\users\user\desktop\nyu tandon\cs 3113\bronson\proj\nyucodebase\main.cpp(96): warning C4018: '<': signed/unsigned mismatch
c:\users\user\desktop\nyu tandon\cs 3113\bronson\proj\nyucodebase\main.cpp(143): warning C4244: 'initializing': conversion from 'double' to 'float', possible loss of data
c:\users\user\desktop\nyu tandon\cs 3113\bronson\proj\nyucodebase\main.cpp(145): warning C4305: 'initializing': truncation from 'double' to 'float'
c:\users\user\desktop\nyu tandon\cs 3113\bronson\proj\nyucodebase\main.cpp(146): warning C4305: 'initializing': truncation from 'double' to 'float'
c:\users\user\desktop\nyu tandon\cs 3113\bronson\proj\nyucodebase\main.cpp(134): warning C4244: 'argument': conversion from 'int' to 'float', possible loss of data
c:\users\user\desktop\nyu tandon\cs 3113\bronson\proj\nyucodebase\main.cpp(180): warning C4305: 'initializing': truncation from 'double' to 'float'
c:\users\user\desktop\nyu tandon\cs 3113\bronson\proj\nyucodebase\main.cpp(181): warning C4305: 'initializing': truncation from 'double' to 'float'
c:\users\user\desktop\nyu tandon\cs 3113\bronson\proj\nyucodebase\main.cpp(274): warning C4305: 'initializing': truncation from 'double' to 'float'
c:\users\user\desktop\nyu tandon\cs 3113\bronson\proj\nyucodebase\main.cpp(225): warning C4244: 'argument': conversion from 'time_t' to 'unsigned int', possible loss of data
c:\users\user\desktop\nyu tandon\cs 3113\bronson\proj\nyucodebase\main.cpp(226): warning C4018: '<': signed/unsigned mismatch
c:\users\user\desktop\nyu tandon\cs 3113\bronson\proj\nyucodebase\main.cpp(227): warning C4244: 'initializing': conversion from 'double' to 'float', possible loss of data
c:\users\user\desktop\nyu tandon\cs 3113\bronson\proj\nyucodebase\main.cpp(228): warning C4244: 'initializing': conversion from 'double' to 'float', possible loss of data
c:\users\user\desktop\nyu tandon\cs 3113\bronson\proj\nyucodebase\main.cpp(261): warning C4018: '<': signed/unsigned mismatch
c:\users\user\desktop\nyu tandon\cs 3113\bronson\proj\nyucodebase\main.cpp(293): warning C4305: 'argument': truncation from 'double' to 'float'
c:\users\user\desktop\nyu tandon\cs 3113\bronson\proj\nyucodebase\main.cpp(296): warning C4305: 'argument': truncation from 'double' to 'float'
  NYUCodebase.vcxproj -> C:\Users\user\Desktop\NYU Tandon\CS 3113\Bronson\proj\Debug\NYUCodebase.exe
  NYUCodebase.vcxproj -> C:\Users\user\Desktop\NYU Tandon\CS 3113\Bronson\proj\Debug\NYUCodebase.pdb (Partial PDB)
