  main.cpp
c:\users\user\desktop\nyu tandon\cs 3113\bronson\hw3\nyucodebase\main.cpp(29): warning C4244: 'initializing': conversion from 'double' to 'int', possible loss of data
c:\users\user\desktop\nyu tandon\cs 3113\bronson\hw3\nyucodebase\main.cpp(30): warning C4244: 'initializing': conversion from 'double' to 'int', possible loss of data
c:\users\user\desktop\nyu tandon\cs 3113\bronson\hw3\nyucodebase\main.cpp(31): warning C4244: 'initializing': conversion from 'int' to 'float', possible loss of data
c:\users\user\desktop\nyu tandon\cs 3113\bronson\hw3\nyucodebase\main.cpp(54): warning C4018: '<': signed/unsigned mismatch
c:\users\user\desktop\nyu tandon\cs 3113\bronson\hw3\nyucodebase\main.cpp(56): warning C4244: 'initializing': conversion from 'double' to 'float', possible loss of data
c:\users\user\desktop\nyu tandon\cs 3113\bronson\hw3\nyucodebase\main.cpp(57): warning C4244: 'initializing': conversion from 'double' to 'float', possible loss of data
c:\users\user\desktop\nyu tandon\cs 3113\bronson\hw3\nyucodebase\main.cpp(82): warning C4018: '<': signed/unsigned mismatch
c:\users\user\desktop\nyu tandon\cs 3113\bronson\hw3\nyucodebase\main.cpp(244): warning C4305: 'initializing': truncation from 'double' to 'float'
c:\users\user\desktop\nyu tandon\cs 3113\bronson\hw3\nyucodebase\main.cpp(245): warning C4305: 'initializing': truncation from 'double' to 'float'
c:\users\user\desktop\nyu tandon\cs 3113\bronson\hw3\nyucodebase\main.cpp(224): warning C4305: 'argument': truncation from 'double' to 'float'
c:\users\user\desktop\nyu tandon\cs 3113\bronson\hw3\nyucodebase\main.cpp(278): warning C4244: 'initializing': conversion from 'float' to 'int', possible loss of data
c:\users\user\desktop\nyu tandon\cs 3113\bronson\hw3\nyucodebase\main.cpp(284): warning C4305: 'argument': truncation from 'double' to 'float'
c:\users\user\desktop\nyu tandon\cs 3113\bronson\hw3\nyucodebase\main.cpp(285): warning C4305: 'argument': truncation from 'double' to 'float'
c:\users\user\desktop\nyu tandon\cs 3113\bronson\hw3\nyucodebase\main.cpp(288): warning C4305: 'argument': truncation from 'double' to 'float'
c:\users\user\desktop\nyu tandon\cs 3113\bronson\hw3\nyucodebase\main.cpp(289): warning C4305: 'argument': truncation from 'double' to 'float'
c:\users\user\desktop\nyu tandon\cs 3113\bronson\hw3\nyucodebase\main.cpp(303): warning C4305: 'argument': truncation from 'double' to 'float'
c:\users\user\desktop\nyu tandon\cs 3113\bronson\hw3\nyucodebase\main.cpp(312): warning C4305: 'argument': truncation from 'double' to 'float'
c:\users\user\desktop\nyu tandon\cs 3113\bronson\hw3\nyucodebase\main.cpp(317): warning C4305: '-=': truncation from 'double' to 'float'
c:\users\user\desktop\nyu tandon\cs 3113\bronson\hw3\nyucodebase\main.cpp(133): warning C4715: 'Entity::OutofBounds': not all control paths return a value
  NYUCodebase.vcxproj -> C:\Users\user\Desktop\NYU Tandon\CS 3113\Bronson\hw3\Debug\NYUCodebase.exe
  NYUCodebase.vcxproj -> C:\Users\user\Desktop\NYU Tandon\CS 3113\Bronson\hw3\Debug\NYUCodebase.pdb (Partial PDB)
